<?xml version="1.0" encoding="UTF-8"?>
<!-- Generated by org.testng.reporters.JUnitReportReporter -->
<testsuite skipped="0" hostname="DESKTOP-F95OKJI" name="sprint2.week1.TestCases.ServiceTerritoryFunctionality" tests="1" failures="0" timestamp="2024-06-25T19:01:49 IST" time="7.481" errors="0">
  <testcase name="createServiceTerritory" time="7.481" classname="sprint2.week1.TestCases.ServiceTerritoryFunctionality"/>
  <system-out/>
</testsuite> <!-- sprint2.week1.TestCases.ServiceTerritoryFunctionality -->
