<?xml version="1.0" encoding="UTF-8"?>
<!-- Generated by org.testng.reporters.JUnitXMLReporter -->
<testsuite hostname="DESKTOP-F95OKJI" ignored="0" name="DashBoardFunctionality" tests="5" failures="0" timestamp="2024-06-30T16:08:50 IST" time="122.182" errors="0">
  <testcase name="@BeforeMethod selectDashBoardFromMenu" time="35.624" classname="sprint2.week1.TestCases.DashboardFunctionality">
    <failure type="org.openqa.selenium.NoSuchElementException" message="no such element: Unable to locate element: {&amp;quot;method&amp;quot;:&amp;quot;xpath&amp;quot;,&amp;quot;selector&amp;quot;:&amp;quot;//a[@data-label=&amp;apos;Dashboards&amp;apos;]&amp;quot;}
  (Session info: chrome=126.0.6478.127)
For documentation on this error, please visit: https://www.selenium.dev/documentation/webdriver/troubleshooting/errors#no-such-element-exception
Build info: version: &amp;apos;4.13.0&amp;apos;, revision: &amp;apos;ba948ece5b*&amp;apos;
System info: os.name: &amp;apos;Windows 10&amp;apos;, os.arch: &amp;apos;amd64&amp;apos;, os.version: &amp;apos;10.0&amp;apos;, java.version: &amp;apos;1.8.0_361&amp;apos;
Driver info: org.openqa.selenium.chrome.ChromeDriver
Command: [a4892ec7537c3bec0dd9dbe01ba9c6d6, findElement {using=xpath, value=//a[@data-label=&amp;apos;Dashboards&amp;apos;]}]
Capabilities {acceptInsecureCerts: false, browserName: chrome, browserVersion: 126.0.6478.127, chrome: {chromedriverVersion: 126.0.6478.126 (d36ace6122e..., userDataDir: C:\Users\Raghav\AppData\Loc...}, fedcm:accounts: true, goog:chromeOptions: {debuggerAddress: localhost:57313}, networkConnectionEnabled: false, pageLoadStrategy: normal, platformName: windows, proxy: Proxy(), se:cdp: ws://localhost:57313/devtoo..., se:cdpVersion: 126.0.6478.127, setWindowRect: true, strictFileInteractability: false, timeouts: {implicit: 0, pageLoad: 300000, script: 30000}, unhandledPromptBehavior: dismiss and notify, webauthn:extension:credBlob: true, webauthn:extension:largeBlob: true, webauthn:extension:minPinLength: true, webauthn:extension:prf: true, webauthn:virtualAuthenticators: true}
Session ID: a4892ec7537c3bec0dd9dbe01ba9c6d6">
      <![CDATA[org.openqa.selenium.NoSuchElementException: no such element: Unable to locate element: {"method":"xpath","selector":"//a[@data-label='Dashboards']"}
  (Session info: chrome=126.0.6478.127)
For documentation on this error, please visit: https://www.selenium.dev/documentation/webdriver/troubleshooting/errors#no-such-element-exception
Build info: version: '4.13.0', revision: 'ba948ece5b*'
System info: os.name: 'Windows 10', os.arch: 'amd64', os.version: '10.0', java.version: '1.8.0_361'
Driver info: org.openqa.selenium.chrome.ChromeDriver
Command: [a4892ec7537c3bec0dd9dbe01ba9c6d6, findElement {using=xpath, value=//a[@data-label='Dashboards']}]
Capabilities {acceptInsecureCerts: false, browserName: chrome, browserVersion: 126.0.6478.127, chrome: {chromedriverVersion: 126.0.6478.126 (d36ace6122e..., userDataDir: C:\Users\Raghav\AppData\Loc...}, fedcm:accounts: true, goog:chromeOptions: {debuggerAddress: localhost:57313}, networkConnectionEnabled: false, pageLoadStrategy: normal, platformName: windows, proxy: Proxy(), se:cdp: ws://localhost:57313/devtoo..., se:cdpVersion: 126.0.6478.127, setWindowRect: true, strictFileInteractability: false, timeouts: {implicit: 0, pageLoad: 300000, script: 30000}, unhandledPromptBehavior: dismiss and notify, webauthn:extension:credBlob: true, webauthn:extension:largeBlob: true, webauthn:extension:minPinLength: true, webauthn:extension:prf: true, webauthn:virtualAuthenticators: true}
Session ID: a4892ec7537c3bec0dd9dbe01ba9c6d6
at org.openqa.selenium.remote.codec.w3c.W3CHttpResponseCodec.createException(W3CHttpResponseCodec.java:200)
at org.openqa.selenium.remote.codec.w3c.W3CHttpResponseCodec.decode(W3CHttpResponseCodec.java:133)
at org.openqa.selenium.remote.codec.w3c.W3CHttpResponseCodec.decode(W3CHttpResponseCodec.java:52)
at org.openqa.selenium.remote.HttpCommandExecutor.execute(HttpCommandExecutor.java:191)
at org.openqa.selenium.remote.service.DriverCommandExecutor.invokeExecute(DriverCommandExecutor.java:196)
at org.openqa.selenium.remote.service.DriverCommandExecutor.execute(DriverCommandExecutor.java:171)
at org.openqa.selenium.remote.RemoteWebDriver.execute(RemoteWebDriver.java:602)
at org.openqa.selenium.remote.ElementLocation$ElementFinder$2.findElement(ElementLocation.java:165)
at org.openqa.selenium.remote.ElementLocation.findElement(ElementLocation.java:59)
at org.openqa.selenium.remote.RemoteWebDriver.findElement(RemoteWebDriver.java:359)
at org.openqa.selenium.remote.RemoteWebDriver.findElement(RemoteWebDriver.java:353)
at sprint2.week1.TestCases.DashboardFunctionality.selectDashBoardFromMenu(DashboardFunctionality.java:40)
at java.util.ArrayList.forEach(ArrayList.java:1259)
at com.intellij.rt.testng.IDEARemoteTestNG.run(IDEARemoteTestNG.java:66)
at com.intellij.rt.testng.RemoteTestNGStarter.main(RemoteTestNGStarter.java:105)
... Removed 32 stack frames]]>
    </failure>
  </testcase> <!-- @BeforeMethod selectDashBoardFromMenu -->
  <testcase name="@AfterMethod signOut" time="-1.719743930551E9" classname="sprint2.week1.TestCases.DashboardFunctionality">
    <skipped/>
  </testcase> <!-- @AfterMethod signOut -->
  <testcase name="@BeforeMethod login" time="-1.719743930578E9" classname="sprint2.week1.base.BaseClass">
    <skipped/>
  </testcase> <!-- @BeforeMethod login -->
  <testcase name="@BeforeMethod selectDashBoardFromMenu" time="-1.71974393058E9" classname="sprint2.week1.TestCases.DashboardFunctionality">
    <skipped/>
  </testcase> <!-- @BeforeMethod selectDashBoardFromMenu -->
  <testcase name="@AfterMethod signOut" time="-1.719743930601E9" classname="sprint2.week1.TestCases.DashboardFunctionality">
    <skipped/>
  </testcase> <!-- @AfterMethod signOut -->
  <testcase name="createDashBoard" time="21.894" classname="sprint2.week1.TestCases.DashboardFunctionality"/>
  <testcase name="dashboardSubscription" time="23.024" classname="sprint2.week1.TestCases.DashboardFunctionality"/>
  <testcase name="editDashboard" time="0.0" classname="sprint2.week1.TestCases.DashboardFunctionality">
    <skipped/>
  </testcase> <!-- editDashboard -->
  <testcase name="deleteDashboard" time="0.0" classname="sprint2.week1.TestCases.DashboardFunctionality">
    <skipped/>
  </testcase> <!-- deleteDashboard -->
  <testcase name="sortDashboardName" time="0.0" classname="sprint2.week1.TestCases.DashboardFunctionality">
    <skipped/>
  </testcase> <!-- sortDashboardName -->
</testsuite> <!-- DashBoardFunctionality -->
